2017-10-16 00:34:41,953 INFO  [main] plugins.PluginsService (PluginsService.java:175) - no modules loaded
2017-10-16 00:34:41,960 INFO  [main] plugins.PluginsService (PluginsService.java:178) - loaded plugin [org.elasticsearch.index.reindex.ReindexPlugin]
2017-10-16 00:34:41,960 INFO  [main] plugins.PluginsService (PluginsService.java:178) - loaded plugin [org.elasticsearch.join.ParentJoinPlugin]
2017-10-16 00:34:41,960 INFO  [main] plugins.PluginsService (PluginsService.java:178) - loaded plugin [org.elasticsearch.percolator.PercolatorPlugin]
2017-10-16 00:34:41,961 INFO  [main] plugins.PluginsService (PluginsService.java:178) - loaded plugin [org.elasticsearch.script.mustache.MustachePlugin]
2017-10-16 00:34:41,961 INFO  [main] plugins.PluginsService (PluginsService.java:178) - loaded plugin [org.elasticsearch.transport.Netty3Plugin]
2017-10-16 00:34:41,961 INFO  [main] plugins.PluginsService (PluginsService.java:178) - loaded plugin [org.elasticsearch.transport.Netty4Plugin]
2017-10-16 00:34:43,811 INFO  [main] transport.TransportClientNodesService$SimpleNodeSampler (TransportClientNodesService.java:436) - failed to get node info for {#transport#-1}{fedR6hQYTz-Kp-dImZ8e9Q}{localhost}{127.0.0.1:9300}, disconnecting...
org.elasticsearch.transport.RemoteTransportException: [_0Lpzfc][127.0.0.1:9300][cluster:monitor/nodes/liveness]
Caused by: org.elasticsearch.ElasticsearchSecurityException: missing authentication token for action [cluster:monitor/nodes/liveness]
	at org.elasticsearch.xpack.security.support.Exceptions.authenticationError(Exceptions.java:39) ~[?:?]
	at org.elasticsearch.xpack.security.authc.DefaultAuthenticationFailureHandler.missingToken(DefaultAuthenticationFailureHandler.java:74) ~[?:?]
	at org.elasticsearch.xpack.security.authc.AuthenticationService$AuditableTransportRequest.anonymousAccessDenied(AuthenticationService.java:553) ~[?:?]
	at org.elasticsearch.xpack.security.authc.AuthenticationService$Authenticator.lambda$handleNullToken$16(AuthenticationService.java:363) ~[?:?]
	at org.elasticsearch.xpack.security.authc.AuthenticationService$Authenticator.handleNullToken(AuthenticationService.java:368) ~[?:?]
	at org.elasticsearch.xpack.security.authc.AuthenticationService$Authenticator.consumeToken(AuthenticationService.java:295) ~[?:?]
	at org.elasticsearch.xpack.security.authc.AuthenticationService$Authenticator.lambda$extractToken$7(AuthenticationService.java:267) ~[?:?]
	at org.elasticsearch.xpack.security.authc.AuthenticationService$Authenticator.extractToken(AuthenticationService.java:284) ~[?:?]
	at org.elasticsearch.xpack.security.authc.AuthenticationService$Authenticator.lambda$null$0(AuthenticationService.java:218) ~[?:?]
	at org.elasticsearch.action.ActionListener$1.onResponse(ActionListener.java:59) ~[elasticsearch-5.6.2.jar:5.6.2]
	at org.elasticsearch.xpack.security.authc.TokenService.getAndValidateToken(TokenService.java:218) ~[?:?]
	at org.elasticsearch.xpack.security.authc.AuthenticationService$Authenticator.lambda$authenticateAsync$2(AuthenticationService.java:214) ~[?:?]
	at org.elasticsearch.xpack.security.authc.AuthenticationService$Authenticator.lambda$lookForExistingAuthentication$4(AuthenticationService.java:246) ~[?:?]
	at org.elasticsearch.xpack.security.authc.AuthenticationService$Authenticator.lookForExistingAuthentication(AuthenticationService.java:257) ~[?:?]
	at org.elasticsearch.xpack.security.authc.AuthenticationService$Authenticator.authenticateAsync(AuthenticationService.java:210) ~[?:?]
	at org.elasticsearch.xpack.security.authc.AuthenticationService$Authenticator.access$000(AuthenticationService.java:159) ~[?:?]
	at org.elasticsearch.xpack.security.authc.AuthenticationService.authenticate(AuthenticationService.java:122) ~[?:?]
	at org.elasticsearch.xpack.security.transport.ServerTransportFilter$NodeProfile.inbound(ServerTransportFilter.java:146) ~[?:?]
	at org.elasticsearch.xpack.security.transport.SecurityServerTransportInterceptor$ProfileSecuredRequestHandler.messageReceived(SecurityServerTransportInterceptor.java:314) ~[?:?]
	at org.elasticsearch.transport.RequestHandlerRegistry.processMessageReceived(RequestHandlerRegistry.java:69) ~[elasticsearch-5.6.2.jar:5.6.2]
	at org.elasticsearch.transport.TcpTransport$RequestHandler.doRun(TcpTransport.java:1533) ~[elasticsearch-5.6.2.jar:5.6.2]
	at org.elasticsearch.common.util.concurrent.AbstractRunnable.run(AbstractRunnable.java:37) ~[elasticsearch-5.6.2.jar:5.6.2]
	at org.elasticsearch.common.util.concurrent.EsExecutors$1.execute(EsExecutors.java:110) ~[elasticsearch-5.6.2.jar:5.6.2]
	at org.elasticsearch.transport.TcpTransport.handleRequest(TcpTransport.java:1490) ~[elasticsearch-5.6.2.jar:5.6.2]
	at org.elasticsearch.transport.TcpTransport.messageReceived(TcpTransport.java:1374) ~[elasticsearch-5.6.2.jar:5.6.2]
	at org.elasticsearch.transport.netty4.Netty4MessageChannelHandler.channelRead(Netty4MessageChannelHandler.java:74) ~[transport-netty4-client-5.6.2.jar:5.6.2]
	at io.netty.channel.AbstractChannelHandlerContext.invokeChannelRead(AbstractChannelHandlerContext.java:362) ~[netty-transport-4.1.13.Final.jar:4.1.13.Final]
	at io.netty.channel.AbstractChannelHandlerContext.invokeChannelRead(AbstractChannelHandlerContext.java:348) ~[netty-transport-4.1.13.Final.jar:4.1.13.Final]
	at io.netty.channel.AbstractChannelHandlerContext.fireChannelRead(AbstractChannelHandlerContext.java:340) ~[netty-transport-4.1.13.Final.jar:4.1.13.Final]
	at io.netty.handler.codec.ByteToMessageDecoder.fireChannelRead(ByteToMessageDecoder.java:310) ~[netty-codec-4.1.13.Final.jar:4.1.13.Final]
	at io.netty.handler.codec.ByteToMessageDecoder.fireChannelRead(ByteToMessageDecoder.java:297) ~[netty-codec-4.1.13.Final.jar:4.1.13.Final]
	at io.netty.handler.codec.ByteToMessageDecoder.callDecode(ByteToMessageDecoder.java:413) ~[netty-codec-4.1.13.Final.jar:4.1.13.Final]
	at io.netty.handler.codec.ByteToMessageDecoder.channelRead(ByteToMessageDecoder.java:265) ~[netty-codec-4.1.13.Final.jar:4.1.13.Final]
	at io.netty.channel.AbstractChannelHandlerContext.invokeChannelRead(AbstractChannelHandlerContext.java:362) ~[netty-transport-4.1.13.Final.jar:4.1.13.Final]
	at io.netty.channel.AbstractChannelHandlerContext.invokeChannelRead(AbstractChannelHandlerContext.java:348) ~[netty-transport-4.1.13.Final.jar:4.1.13.Final]
	at io.netty.channel.AbstractChannelHandlerContext.fireChannelRead(AbstractChannelHandlerContext.java:340) ~[netty-transport-4.1.13.Final.jar:4.1.13.Final]
	at io.netty.channel.ChannelInboundHandlerAdapter.channelRead(ChannelInboundHandlerAdapter.java:86) ~[netty-transport-4.1.13.Final.jar:4.1.13.Final]
	at io.netty.channel.AbstractChannelHandlerContext.invokeChannelRead(AbstractChannelHandlerContext.java:362) ~[netty-transport-4.1.13.Final.jar:4.1.13.Final]
	at io.netty.channel.AbstractChannelHandlerContext.invokeChannelRead(AbstractChannelHandlerContext.java:348) ~[netty-transport-4.1.13.Final.jar:4.1.13.Final]
	at io.netty.channel.AbstractChannelHandlerContext.fireChannelRead(AbstractChannelHandlerContext.java:340) ~[netty-transport-4.1.13.Final.jar:4.1.13.Final]
	at io.netty.channel.DefaultChannelPipeline$HeadContext.channelRead(DefaultChannelPipeline.java:1334) ~[netty-transport-4.1.13.Final.jar:4.1.13.Final]
	at io.netty.channel.AbstractChannelHandlerContext.invokeChannelRead(AbstractChannelHandlerContext.java:362) ~[netty-transport-4.1.13.Final.jar:4.1.13.Final]
	at io.netty.channel.AbstractChannelHandlerContext.invokeChannelRead(AbstractChannelHandlerContext.java:348) ~[netty-transport-4.1.13.Final.jar:4.1.13.Final]
	at io.netty.channel.DefaultChannelPipeline.fireChannelRead(DefaultChannelPipeline.java:926) ~[netty-transport-4.1.13.Final.jar:4.1.13.Final]
	at io.netty.channel.nio.AbstractNioByteChannel$NioByteUnsafe.read(AbstractNioByteChannel.java:134) ~[netty-transport-4.1.13.Final.jar:4.1.13.Final]
	at io.netty.channel.nio.NioEventLoop.processSelectedKey(NioEventLoop.java:644) ~[netty-transport-4.1.13.Final.jar:4.1.13.Final]
	at io.netty.channel.nio.NioEventLoop.processSelectedKeysPlain(NioEventLoop.java:544) ~[netty-transport-4.1.13.Final.jar:4.1.13.Final]
	at io.netty.channel.nio.NioEventLoop.processSelectedKeys(NioEventLoop.java:498) ~[netty-transport-4.1.13.Final.jar:4.1.13.Final]
	at io.netty.channel.nio.NioEventLoop.run(NioEventLoop.java:458) ~[netty-transport-4.1.13.Final.jar:4.1.13.Final]
	at io.netty.util.concurrent.SingleThreadEventExecutor$5.run(SingleThreadEventExecutor.java:858) ~[netty-common-4.1.13.Final.jar:4.1.13.Final]
	at java.lang.Thread.run(Thread.java:844) ~[?:?]
2017-10-16 00:34:43,830 ERROR [main] com.sully90.elasticsearch.utils.ElasticSearchUtils (ElasticSearchUtils.java:36) - Error Checking Index Exist
org.elasticsearch.client.transport.NoNodeAvailableException: None of the configured nodes are available: [{#transport#-1}{fedR6hQYTz-Kp-dImZ8e9Q}{localhost}{127.0.0.1:9300}]
	at org.elasticsearch.client.transport.TransportClientNodesService.ensureNodesAreAvailable(TransportClientNodesService.java:347) ~[elasticsearch-5.6.2.jar:5.6.2]
	at org.elasticsearch.client.transport.TransportClientNodesService.execute(TransportClientNodesService.java:245) ~[elasticsearch-5.6.2.jar:5.6.2]
	at org.elasticsearch.client.transport.TransportProxyClient.execute(TransportProxyClient.java:59) ~[elasticsearch-5.6.2.jar:5.6.2]
	at org.elasticsearch.client.transport.TransportClient.doExecute(TransportClient.java:363) ~[elasticsearch-5.6.2.jar:5.6.2]
	at org.elasticsearch.client.support.AbstractClient.execute(AbstractClient.java:408) ~[elasticsearch-5.6.2.jar:5.6.2]
	at org.elasticsearch.client.support.AbstractClient$IndicesAdmin.execute(AbstractClient.java:1256) ~[elasticsearch-5.6.2.jar:5.6.2]
	at org.elasticsearch.action.ActionRequestBuilder.execute(ActionRequestBuilder.java:80) ~[elasticsearch-5.6.2.jar:5.6.2]
	at org.elasticsearch.action.ActionRequestBuilder.execute(ActionRequestBuilder.java:54) ~[elasticsearch-5.6.2.jar:5.6.2]
	at de.bytefish.elasticutils.elasticsearch5.com.sully90.elasticsearch.utils.ElasticSearchUtils.indexExist(ElasticSearchUtils.java:33) [elasticutils-elasticsearch5-0.5.jar:0.5]
	at TestElasticSearch.createIndex(TestElasticSearch.java:60) [test-classes/:?]
	at TestElasticSearch.testElastic(TestElasticSearch.java:34) [test-classes/:?]
	at java.base/jdk.internal.reflect.NativeMethodAccessorImpl.invoke0(Native Method) ~[?:?]
	at java.base/jdk.internal.reflect.NativeMethodAccessorImpl.invoke(NativeMethodAccessorImpl.java:62) ~[?:?]
	at java.base/jdk.internal.reflect.DelegatingMethodAccessorImpl.invoke(DelegatingMethodAccessorImpl.java:43) ~[?:?]
	at java.base/java.lang.reflect.Method.invoke(Method.java:564) ~[?:?]
	at org.junit.runners.model.FrameworkMethod$1.runReflectiveCall(FrameworkMethod.java:50) [junit-4.12.jar:4.12]
	at org.junit.internal.runners.model.ReflectiveCallable.run(ReflectiveCallable.java:12) [junit-4.12.jar:4.12]
	at org.junit.runners.model.FrameworkMethod.invokeExplosively(FrameworkMethod.java:47) [junit-4.12.jar:4.12]
	at org.junit.internal.runners.statements.InvokeMethod.evaluate(InvokeMethod.java:17) [junit-4.12.jar:4.12]
	at org.junit.runners.ParentRunner.runLeaf(ParentRunner.java:325) [junit-4.12.jar:4.12]
	at org.junit.runners.BlockJUnit4ClassRunner.runChild(BlockJUnit4ClassRunner.java:78) [junit-4.12.jar:4.12]
	at org.junit.runners.BlockJUnit4ClassRunner.runChild(BlockJUnit4ClassRunner.java:57) [junit-4.12.jar:4.12]
	at org.junit.runners.ParentRunner$3.run(ParentRunner.java:290) [junit-4.12.jar:4.12]
	at org.junit.runners.ParentRunner$1.schedule(ParentRunner.java:71) [junit-4.12.jar:4.12]
	at org.junit.runners.ParentRunner.runChildren(ParentRunner.java:288) [junit-4.12.jar:4.12]
	at org.junit.runners.ParentRunner.access$000(ParentRunner.java:58) [junit-4.12.jar:4.12]
	at org.junit.runners.ParentRunner$2.evaluate(ParentRunner.java:268) [junit-4.12.jar:4.12]
	at org.junit.runners.ParentRunner.run(ParentRunner.java:363) [junit-4.12.jar:4.12]
	at org.junit.runner.JUnitCore.run(JUnitCore.java:137) [junit-4.12.jar:4.12]
	at com.intellij.junit4.JUnit4IdeaTestRunner.startRunnerWithArgs(JUnit4IdeaTestRunner.java:68) [junit-rt.jar:?]
	at com.intellij.rt.execution.junit.IdeaTestRunner$Repeater.startRunnerWithArgs(IdeaTestRunner.java:47) [junit-rt.jar:?]
	at com.intellij.rt.execution.junit.JUnitStarter.prepareStreamsAndStart(JUnitStarter.java:242) [junit-rt.jar:?]
	at com.intellij.rt.execution.junit.JUnitStarter.main(JUnitStarter.java:70) [junit-rt.jar:?]
2017-10-16 00:37:44,764 INFO  [main] plugins.PluginsService (PluginsService.java:175) - no modules loaded
2017-10-16 00:37:44,774 INFO  [main] plugins.PluginsService (PluginsService.java:178) - loaded plugin [org.elasticsearch.index.reindex.ReindexPlugin]
2017-10-16 00:37:44,774 INFO  [main] plugins.PluginsService (PluginsService.java:178) - loaded plugin [org.elasticsearch.join.ParentJoinPlugin]
2017-10-16 00:37:44,775 INFO  [main] plugins.PluginsService (PluginsService.java:178) - loaded plugin [org.elasticsearch.percolator.PercolatorPlugin]
2017-10-16 00:37:44,775 INFO  [main] plugins.PluginsService (PluginsService.java:178) - loaded plugin [org.elasticsearch.script.mustache.MustachePlugin]
2017-10-16 00:37:44,775 INFO  [main] plugins.PluginsService (PluginsService.java:178) - loaded plugin [org.elasticsearch.transport.Netty3Plugin]
2017-10-16 00:37:44,776 INFO  [main] plugins.PluginsService (PluginsService.java:178) - loaded plugin [org.elasticsearch.transport.Netty4Plugin]
2017-10-16 00:40:10,623 INFO  [main] plugins.PluginsService (PluginsService.java:175) - no modules loaded
2017-10-16 00:40:10,630 INFO  [main] plugins.PluginsService (PluginsService.java:178) - loaded plugin [org.elasticsearch.index.reindex.ReindexPlugin]
2017-10-16 00:40:10,631 INFO  [main] plugins.PluginsService (PluginsService.java:178) - loaded plugin [org.elasticsearch.join.ParentJoinPlugin]
2017-10-16 00:40:10,631 INFO  [main] plugins.PluginsService (PluginsService.java:178) - loaded plugin [org.elasticsearch.percolator.PercolatorPlugin]
2017-10-16 00:40:10,632 INFO  [main] plugins.PluginsService (PluginsService.java:178) - loaded plugin [org.elasticsearch.script.mustache.MustachePlugin]
2017-10-16 00:40:10,632 INFO  [main] plugins.PluginsService (PluginsService.java:178) - loaded plugin [org.elasticsearch.transport.Netty3Plugin]
2017-10-16 00:40:10,632 INFO  [main] plugins.PluginsService (PluginsService.java:178) - loaded plugin [org.elasticsearch.transport.Netty4Plugin]
2017-10-16 00:46:27,031 INFO  [main] plugins.PluginsService (PluginsService.java:175) - no modules loaded
2017-10-16 00:46:27,037 INFO  [main] plugins.PluginsService (PluginsService.java:178) - loaded plugin [org.elasticsearch.index.reindex.ReindexPlugin]
2017-10-16 00:46:27,037 INFO  [main] plugins.PluginsService (PluginsService.java:178) - loaded plugin [org.elasticsearch.join.ParentJoinPlugin]
2017-10-16 00:46:27,038 INFO  [main] plugins.PluginsService (PluginsService.java:178) - loaded plugin [org.elasticsearch.percolator.PercolatorPlugin]
2017-10-16 00:46:27,038 INFO  [main] plugins.PluginsService (PluginsService.java:178) - loaded plugin [org.elasticsearch.script.mustache.MustachePlugin]
2017-10-16 00:46:27,038 INFO  [main] plugins.PluginsService (PluginsService.java:178) - loaded plugin [org.elasticsearch.transport.Netty3Plugin]
2017-10-16 00:46:27,038 INFO  [main] plugins.PluginsService (PluginsService.java:178) - loaded plugin [org.elasticsearch.transport.Netty4Plugin]
2017-10-16 00:46:27,038 INFO  [main] plugins.PluginsService (PluginsService.java:178) - loaded plugin [org.elasticsearch.xpack.XPackPlugin]
2017-10-16 00:46:28,401 INFO  [main] transport.TransportClientNodesService$SimpleNodeSampler (TransportClientNodesService.java:436) - failed to get node info for {#transport#-1}{2zDEvKBAQvmWiGSG7h6-Sg}{localhost}{127.0.0.1:9300}, disconnecting...
org.elasticsearch.transport.RemoteTransportException: [_0Lpzfc][127.0.0.1:9300][cluster:monitor/nodes/liveness]
Caused by: org.elasticsearch.ElasticsearchSecurityException: unable to authenticate user [transport_client_user] for action [cluster:monitor/nodes/liveness]
	at org.elasticsearch.xpack.security.support.Exceptions.authenticationError(Exceptions.java:39) ~[x-pack-api-5.6.2.jar:5.6.2]
	at org.elasticsearch.xpack.security.authc.DefaultAuthenticationFailureHandler.failedAuthentication(DefaultAuthenticationFailureHandler.java:43) ~[x-pack-api-5.6.2.jar:5.6.2]
	at org.elasticsearch.xpack.security.authc.AuthenticationService$AuditableTransportRequest.authenticationFailed(AuthenticationService.java:547) ~[x-pack-api-5.6.2.jar:5.6.2]
	at org.elasticsearch.xpack.security.authc.AuthenticationService$Authenticator.consumeUser(AuthenticationService.java:385) ~[x-pack-api-5.6.2.jar:5.6.2]
	at org.elasticsearch.action.ActionListener$1.onResponse(ActionListener.java:59) ~[elasticsearch-5.6.2.jar:5.6.2]
	at org.elasticsearch.xpack.common.IteratingActionListener.onResponse(IteratingActionListener.java:108) ~[x-pack-api-5.6.2.jar:5.6.2]
	at org.elasticsearch.xpack.security.authc.AuthenticationService$Authenticator.lambda$null$11(AuthenticationService.java:309) ~[x-pack-api-5.6.2.jar:5.6.2]
	at org.elasticsearch.action.ActionListener$1.onResponse(ActionListener.java:59) ~[elasticsearch-5.6.2.jar:5.6.2]
	at org.elasticsearch.xpack.security.authc.support.CachingUsernamePasswordRealm.lambda$authenticateWithCache$0(CachingUsernamePasswordRealm.java:111) ~[x-pack-api-5.6.2.jar:5.6.2]
	at org.elasticsearch.action.ActionListener$1.onResponse(ActionListener.java:59) ~[elasticsearch-5.6.2.jar:5.6.2]
	at org.elasticsearch.xpack.security.authc.support.CachingUsernamePasswordRealm.lambda$doAuthenticateAndCache$4(CachingUsernamePasswordRealm.java:156) ~[x-pack-api-5.6.2.jar:5.6.2]
	at org.elasticsearch.action.ActionListener$1.onResponse(ActionListener.java:59) ~[elasticsearch-5.6.2.jar:5.6.2]
	at org.elasticsearch.xpack.security.authc.esnative.NativeUsersStore.lambda$verifyPassword$9(NativeUsersStore.java:580) ~[x-pack-api-5.6.2.jar:5.6.2]
	at org.elasticsearch.action.ActionListener$1.onResponse(ActionListener.java:59) ~[elasticsearch-5.6.2.jar:5.6.2]
	at org.elasticsearch.xpack.security.authc.esnative.NativeUsersStore$1.onFailure(NativeUsersStore.java:215) ~[x-pack-api-5.6.2.jar:5.6.2]
	at org.elasticsearch.action.support.ContextPreservingActionListener.onFailure(ContextPreservingActionListener.java:50) ~[elasticsearch-5.6.2.jar:5.6.2]
	at org.elasticsearch.action.support.TransportAction$1.onFailure(TransportAction.java:94) ~[elasticsearch-5.6.2.jar:5.6.2]
	at org.elasticsearch.action.ActionListener$1.onFailure(ActionListener.java:67) ~[elasticsearch-5.6.2.jar:5.6.2]
	at org.elasticsearch.action.support.ContextPreservingActionListener.onFailure(ContextPreservingActionListener.java:50) ~[elasticsearch-5.6.2.jar:5.6.2]
	at org.elasticsearch.action.support.TransportAction$RequestFilterChain.proceed(TransportAction.java:176) ~[elasticsearch-5.6.2.jar:5.6.2]
	at org.elasticsearch.xpack.security.action.filter.SecurityActionFilter.lambda$apply$1(SecurityActionFilter.java:133) ~[x-pack-api-5.6.2.jar:5.6.2]
	at org.elasticsearch.action.ActionListener$1.onResponse(ActionListener.java:59) ~[elasticsearch-5.6.2.jar:5.6.2]
	at org.elasticsearch.xpack.security.action.filter.SecurityActionFilter.lambda$authorizeRequest$4(SecurityActionFilter.java:208) ~[x-pack-api-5.6.2.jar:5.6.2]
	at org.elasticsearch.xpack.security.authz.AuthorizationUtils$AsyncAuthorizer.maybeRun(AuthorizationUtils.java:127) ~[x-pack-api-5.6.2.jar:5.6.2]
	at org.elasticsearch.xpack.security.authz.AuthorizationUtils$AsyncAuthorizer.setRunAsRoles(AuthorizationUtils.java:121) ~[x-pack-api-5.6.2.jar:5.6.2]
	at org.elasticsearch.xpack.security.authz.AuthorizationUtils$AsyncAuthorizer.authorize(AuthorizationUtils.java:109) ~[x-pack-api-5.6.2.jar:5.6.2]
	at org.elasticsearch.xpack.security.action.filter.SecurityActionFilter.authorizeRequest(SecurityActionFilter.java:210) ~[x-pack-api-5.6.2.jar:5.6.2]
	at org.elasticsearch.xpack.security.action.filter.SecurityActionFilter.lambda$applyInternal$3(SecurityActionFilter.java:186) ~[x-pack-api-5.6.2.jar:5.6.2]
	at org.elasticsearch.action.ActionListener$1.onResponse(ActionListener.java:59) ~[elasticsearch-5.6.2.jar:5.6.2]
	at org.elasticsearch.xpack.security.authc.AuthenticationService$Authenticator.lambda$authenticateAsync$2(AuthenticationService.java:212) ~[x-pack-api-5.6.2.jar:5.6.2]
	at org.elasticsearch.xpack.security.authc.AuthenticationService$Authenticator.lambda$lookForExistingAuthentication$4(AuthenticationService.java:246) ~[x-pack-api-5.6.2.jar:5.6.2]
	at org.elasticsearch.xpack.security.authc.AuthenticationService$Authenticator.lookForExistingAuthentication(AuthenticationService.java:257) ~[x-pack-api-5.6.2.jar:5.6.2]
	at org.elasticsearch.xpack.security.authc.AuthenticationService$Authenticator.authenticateAsync(AuthenticationService.java:210) ~[x-pack-api-5.6.2.jar:5.6.2]
	at org.elasticsearch.xpack.security.authc.AuthenticationService$Authenticator.access$000(AuthenticationService.java:159) ~[x-pack-api-5.6.2.jar:5.6.2]
	at org.elasticsearch.xpack.security.authc.AuthenticationService.authenticate(AuthenticationService.java:122) ~[x-pack-api-5.6.2.jar:5.6.2]
	at org.elasticsearch.xpack.security.action.filter.SecurityActionFilter.applyInternal(SecurityActionFilter.java:185) ~[x-pack-api-5.6.2.jar:5.6.2]
	at org.elasticsearch.xpack.security.action.filter.SecurityActionFilter.apply(SecurityActionFilter.java:145) ~[x-pack-api-5.6.2.jar:5.6.2]
	at org.elasticsearch.action.support.TransportAction$RequestFilterChain.proceed(TransportAction.java:168) ~[elasticsearch-5.6.2.jar:5.6.2]
	at org.elasticsearch.action.support.TransportAction.execute(TransportAction.java:142) ~[elasticsearch-5.6.2.jar:5.6.2]
	at org.elasticsearch.action.support.TransportAction.execute(TransportAction.java:84) ~[elasticsearch-5.6.2.jar:5.6.2]
	at org.elasticsearch.client.node.NodeClient.executeLocally(NodeClient.java:83) ~[elasticsearch-5.6.2.jar:5.6.2]
	at org.elasticsearch.client.node.NodeClient.doExecute(NodeClient.java:72) ~[elasticsearch-5.6.2.jar:5.6.2]
	at org.elasticsearch.client.support.AbstractClient.execute(AbstractClient.java:408) ~[elasticsearch-5.6.2.jar:5.6.2]
	at org.elasticsearch.client.FilterClient.doExecute(FilterClient.java:67) ~[elasticsearch-5.6.2.jar:5.6.2]
	at org.elasticsearch.xpack.security.InternalClient.doExecute(InternalClient.java:101) ~[x-pack-api-5.6.2.jar:5.6.2]
	at org.elasticsearch.client.support.AbstractClient.execute(AbstractClient.java:408) ~[elasticsearch-5.6.2.jar:5.6.2]
	at org.elasticsearch.client.support.AbstractClient.get(AbstractClient.java:500) ~[elasticsearch-5.6.2.jar:5.6.2]
	at org.elasticsearch.xpack.security.authc.esnative.NativeUsersStore.getUserAndPassword(NativeUsersStore.java:190) ~[x-pack-api-5.6.2.jar:5.6.2]
	at org.elasticsearch.xpack.security.authc.esnative.NativeUsersStore.verifyPassword(NativeUsersStore.java:578) ~[x-pack-api-5.6.2.jar:5.6.2]
	at org.elasticsearch.xpack.security.authc.esnative.NativeRealm.doAuthenticate(NativeRealm.java:58) ~[x-pack-api-5.6.2.jar:5.6.2]
	at org.elasticsearch.xpack.security.authc.support.CachingUsernamePasswordRealm.doAuthenticateAndCache(CachingUsernamePasswordRealm.java:154) ~[x-pack-api-5.6.2.jar:5.6.2]
	at org.elasticsearch.xpack.security.authc.support.CachingUsernamePasswordRealm.authenticateWithCache(CachingUsernamePasswordRealm.java:107) ~[x-pack-api-5.6.2.jar:5.6.2]
	at org.elasticsearch.xpack.security.authc.support.CachingUsernamePasswordRealm.authenticate(CachingUsernamePasswordRealm.java:92) ~[x-pack-api-5.6.2.jar:5.6.2]
	at org.elasticsearch.xpack.security.authc.AuthenticationService$Authenticator.lambda$consumeToken$13(AuthenticationService.java:301) ~[x-pack-api-5.6.2.jar:5.6.2]
	at org.elasticsearch.xpack.common.IteratingActionListener.onResponse(IteratingActionListener.java:111) ~[x-pack-api-5.6.2.jar:5.6.2]
	at org.elasticsearch.xpack.security.authc.AuthenticationService$Authenticator.lambda$null$11(AuthenticationService.java:309) ~[x-pack-api-5.6.2.jar:5.6.2]
	at org.elasticsearch.action.ActionListener$1.onResponse(ActionListener.java:59) ~[elasticsearch-5.6.2.jar:5.6.2]
	at org.elasticsearch.xpack.security.authc.support.CachingUsernamePasswordRealm.lambda$authenticateWithCache$0(CachingUsernamePasswordRealm.java:111) ~[x-pack-api-5.6.2.jar:5.6.2]
	at org.elasticsearch.action.ActionListener$1.onResponse(ActionListener.java:59) ~[elasticsearch-5.6.2.jar:5.6.2]
	at org.elasticsearch.xpack.security.authc.support.CachingUsernamePasswordRealm.lambda$doAuthenticateAndCache$4(CachingUsernamePasswordRealm.java:156) ~[x-pack-api-5.6.2.jar:5.6.2]
	at org.elasticsearch.action.ActionListener$1.onResponse(ActionListener.java:59) ~[elasticsearch-5.6.2.jar:5.6.2]
	at org.elasticsearch.xpack.security.authc.file.FileRealm.doAuthenticate(FileRealm.java:60) ~[x-pack-api-5.6.2.jar:5.6.2]
	at org.elasticsearch.xpack.security.authc.support.CachingUsernamePasswordRealm.doAuthenticateAndCache(CachingUsernamePasswordRealm.java:154) ~[x-pack-api-5.6.2.jar:5.6.2]
	at org.elasticsearch.xpack.security.authc.support.CachingUsernamePasswordRealm.authenticateWithCache(CachingUsernamePasswordRealm.java:107) ~[x-pack-api-5.6.2.jar:5.6.2]
	at org.elasticsearch.xpack.security.authc.support.CachingUsernamePasswordRealm.authenticate(CachingUsernamePasswordRealm.java:92) ~[x-pack-api-5.6.2.jar:5.6.2]
	at org.elasticsearch.xpack.security.authc.AuthenticationService$Authenticator.lambda$consumeToken$13(AuthenticationService.java:301) ~[x-pack-api-5.6.2.jar:5.6.2]
	at org.elasticsearch.xpack.common.IteratingActionListener.onResponse(IteratingActionListener.java:111) ~[x-pack-api-5.6.2.jar:5.6.2]
	at org.elasticsearch.xpack.security.authc.AuthenticationService$Authenticator.lambda$null$11(AuthenticationService.java:309) ~[x-pack-api-5.6.2.jar:5.6.2]
	at org.elasticsearch.action.ActionListener$1.onResponse(ActionListener.java:59) ~[elasticsearch-5.6.2.jar:5.6.2]
	at org.elasticsearch.xpack.security.authc.support.CachingUsernamePasswordRealm.lambda$authenticateWithCache$0(CachingUsernamePasswordRealm.java:111) ~[x-pack-api-5.6.2.jar:5.6.2]
	at org.elasticsearch.action.ActionListener$1.onResponse(ActionListener.java:59) ~[elasticsearch-5.6.2.jar:5.6.2]
	at org.elasticsearch.xpack.security.authc.support.CachingUsernamePasswordRealm.lambda$doAuthenticateAndCache$4(CachingUsernamePasswordRealm.java:156) ~[x-pack-api-5.6.2.jar:5.6.2]
	at org.elasticsearch.action.ActionListener$1.onResponse(ActionListener.java:59) ~[elasticsearch-5.6.2.jar:5.6.2]
	at org.elasticsearch.xpack.security.authc.esnative.ReservedRealm.doAuthenticate(ReservedRealm.java:90) ~[x-pack-api-5.6.2.jar:5.6.2]
	at org.elasticsearch.xpack.security.authc.support.CachingUsernamePasswordRealm.doAuthenticateAndCache(CachingUsernamePasswordRealm.java:154) ~[x-pack-api-5.6.2.jar:5.6.2]
	at org.elasticsearch.xpack.security.authc.support.CachingUsernamePasswordRealm.authenticateWithCache(CachingUsernamePasswordRealm.java:107) ~[x-pack-api-5.6.2.jar:5.6.2]
	at org.elasticsearch.xpack.security.authc.support.CachingUsernamePasswordRealm.authenticate(CachingUsernamePasswordRealm.java:92) ~[x-pack-api-5.6.2.jar:5.6.2]
	at org.elasticsearch.xpack.security.authc.AuthenticationService$Authenticator.lambda$consumeToken$13(AuthenticationService.java:301) ~[x-pack-api-5.6.2.jar:5.6.2]
	at org.elasticsearch.xpack.common.IteratingActionListener.run(IteratingActionListener.java:93) ~[x-pack-api-5.6.2.jar:5.6.2]
	at org.elasticsearch.xpack.security.authc.AuthenticationService$Authenticator.consumeToken(AuthenticationService.java:326) ~[x-pack-api-5.6.2.jar:5.6.2]
	at org.elasticsearch.xpack.security.authc.AuthenticationService$Authenticator.lambda$extractToken$9(AuthenticationService.java:275) ~[x-pack-api-5.6.2.jar:5.6.2]
	at org.elasticsearch.xpack.security.authc.AuthenticationService$Authenticator.extractToken(AuthenticationService.java:284) ~[x-pack-api-5.6.2.jar:5.6.2]
	at org.elasticsearch.xpack.security.authc.AuthenticationService$Authenticator.lambda$null$0(AuthenticationService.java:218) ~[x-pack-api-5.6.2.jar:5.6.2]
	at org.elasticsearch.action.ActionListener$1.onResponse(ActionListener.java:59) ~[elasticsearch-5.6.2.jar:5.6.2]
	at org.elasticsearch.xpack.security.authc.TokenService.getAndValidateToken(TokenService.java:218) ~[x-pack-api-5.6.2.jar:5.6.2]
	at org.elasticsearch.xpack.security.authc.AuthenticationService$Authenticator.lambda$authenticateAsync$2(AuthenticationService.java:214) ~[x-pack-api-5.6.2.jar:5.6.2]
	at org.elasticsearch.xpack.security.authc.AuthenticationService$Authenticator.lambda$lookForExistingAuthentication$4(AuthenticationService.java:246) ~[x-pack-api-5.6.2.jar:5.6.2]
	at org.elasticsearch.xpack.security.authc.AuthenticationService$Authenticator.lookForExistingAuthentication(AuthenticationService.java:257) ~[x-pack-api-5.6.2.jar:5.6.2]
	at org.elasticsearch.xpack.security.authc.AuthenticationService$Authenticator.authenticateAsync(AuthenticationService.java:210) ~[x-pack-api-5.6.2.jar:5.6.2]
	at org.elasticsearch.xpack.security.authc.AuthenticationService$Authenticator.access$000(AuthenticationService.java:159) ~[x-pack-api-5.6.2.jar:5.6.2]
	at org.elasticsearch.xpack.security.authc.AuthenticationService.authenticate(AuthenticationService.java:122) ~[x-pack-api-5.6.2.jar:5.6.2]
	at org.elasticsearch.xpack.security.transport.ServerTransportFilter$NodeProfile.inbound(ServerTransportFilter.java:146) ~[x-pack-api-5.6.2.jar:5.6.2]
	at org.elasticsearch.xpack.security.transport.SecurityServerTransportInterceptor$ProfileSecuredRequestHandler.messageReceived(SecurityServerTransportInterceptor.java:314) ~[x-pack-api-5.6.2.jar:5.6.2]
	at org.elasticsearch.transport.RequestHandlerRegistry.processMessageReceived(RequestHandlerRegistry.java:69) ~[elasticsearch-5.6.2.jar:5.6.2]
	at org.elasticsearch.transport.TcpTransport$RequestHandler.doRun(TcpTransport.java:1533) ~[elasticsearch-5.6.2.jar:5.6.2]
	at org.elasticsearch.common.util.concurrent.AbstractRunnable.run(AbstractRunnable.java:37) ~[elasticsearch-5.6.2.jar:5.6.2]
	at org.elasticsearch.common.util.concurrent.EsExecutors$1.execute(EsExecutors.java:110) ~[elasticsearch-5.6.2.jar:5.6.2]
	at org.elasticsearch.transport.TcpTransport.handleRequest(TcpTransport.java:1490) ~[elasticsearch-5.6.2.jar:5.6.2]
	at org.elasticsearch.transport.TcpTransport.messageReceived(TcpTransport.java:1374) ~[elasticsearch-5.6.2.jar:5.6.2]
	at org.elasticsearch.transport.netty4.Netty4MessageChannelHandler.channelRead(Netty4MessageChannelHandler.java:74) ~[transport-netty4-client-5.6.2.jar:5.6.2]
	at io.netty.channel.AbstractChannelHandlerContext.invokeChannelRead(AbstractChannelHandlerContext.java:362) ~[netty-transport-4.1.13.Final.jar:4.1.13.Final]
	at io.netty.channel.AbstractChannelHandlerContext.invokeChannelRead(AbstractChannelHandlerContext.java:348) ~[netty-transport-4.1.13.Final.jar:4.1.13.Final]
	at io.netty.channel.AbstractChannelHandlerContext.fireChannelRead(AbstractChannelHandlerContext.java:340) ~[netty-transport-4.1.13.Final.jar:4.1.13.Final]
	at io.netty.handler.codec.ByteToMessageDecoder.fireChannelRead(ByteToMessageDecoder.java:310) ~[netty-codec-4.1.13.Final.jar:4.1.13.Final]
	at io.netty.handler.codec.ByteToMessageDecoder.fireChannelRead(ByteToMessageDecoder.java:297) ~[netty-codec-4.1.13.Final.jar:4.1.13.Final]
	at io.netty.handler.codec.ByteToMessageDecoder.callDecode(ByteToMessageDecoder.java:413) ~[netty-codec-4.1.13.Final.jar:4.1.13.Final]
	at io.netty.handler.codec.ByteToMessageDecoder.channelRead(ByteToMessageDecoder.java:265) ~[netty-codec-4.1.13.Final.jar:4.1.13.Final]
	at io.netty.channel.AbstractChannelHandlerContext.invokeChannelRead(AbstractChannelHandlerContext.java:362) ~[netty-transport-4.1.13.Final.jar:4.1.13.Final]
	at io.netty.channel.AbstractChannelHandlerContext.invokeChannelRead(AbstractChannelHandlerContext.java:348) ~[netty-transport-4.1.13.Final.jar:4.1.13.Final]
	at io.netty.channel.AbstractChannelHandlerContext.fireChannelRead(AbstractChannelHandlerContext.java:340) ~[netty-transport-4.1.13.Final.jar:4.1.13.Final]
	at io.netty.channel.ChannelInboundHandlerAdapter.channelRead(ChannelInboundHandlerAdapter.java:86) ~[netty-transport-4.1.13.Final.jar:4.1.13.Final]
	at io.netty.channel.AbstractChannelHandlerContext.invokeChannelRead(AbstractChannelHandlerContext.java:362) ~[netty-transport-4.1.13.Final.jar:4.1.13.Final]
	at io.netty.channel.AbstractChannelHandlerContext.invokeChannelRead(AbstractChannelHandlerContext.java:348) ~[netty-transport-4.1.13.Final.jar:4.1.13.Final]
	at io.netty.channel.AbstractChannelHandlerContext.fireChannelRead(AbstractChannelHandlerContext.java:340) ~[netty-transport-4.1.13.Final.jar:4.1.13.Final]
	at io.netty.channel.DefaultChannelPipeline$HeadContext.channelRead(DefaultChannelPipeline.java:1334) ~[netty-transport-4.1.13.Final.jar:4.1.13.Final]
	at io.netty.channel.AbstractChannelHandlerContext.invokeChannelRead(AbstractChannelHandlerContext.java:362) ~[netty-transport-4.1.13.Final.jar:4.1.13.Final]
	at io.netty.channel.AbstractChannelHandlerContext.invokeChannelRead(AbstractChannelHandlerContext.java:348) ~[netty-transport-4.1.13.Final.jar:4.1.13.Final]
	at io.netty.channel.DefaultChannelPipeline.fireChannelRead(DefaultChannelPipeline.java:926) ~[netty-transport-4.1.13.Final.jar:4.1.13.Final]
	at io.netty.channel.nio.AbstractNioByteChannel$NioByteUnsafe.read(AbstractNioByteChannel.java:134) ~[netty-transport-4.1.13.Final.jar:4.1.13.Final]
	at io.netty.channel.nio.NioEventLoop.processSelectedKey(NioEventLoop.java:644) ~[netty-transport-4.1.13.Final.jar:4.1.13.Final]
	at io.netty.channel.nio.NioEventLoop.processSelectedKeysPlain(NioEventLoop.java:544) ~[netty-transport-4.1.13.Final.jar:4.1.13.Final]
	at io.netty.channel.nio.NioEventLoop.processSelectedKeys(NioEventLoop.java:498) ~[netty-transport-4.1.13.Final.jar:4.1.13.Final]
	at io.netty.channel.nio.NioEventLoop.run(NioEventLoop.java:458) ~[netty-transport-4.1.13.Final.jar:4.1.13.Final]
	at io.netty.util.concurrent.SingleThreadEventExecutor$5.run(SingleThreadEventExecutor.java:858) ~[netty-common-4.1.13.Final.jar:4.1.13.Final]
	at java.lang.Thread.run(Thread.java:844) ~[?:?]
2017-10-16 00:46:28,609 INFO  [main] transport.TransportClientNodesService$SimpleNodeSampler (TransportClientNodesService.java:436) - failed to get node info for {#transport#-1}{2zDEvKBAQvmWiGSG7h6-Sg}{localhost}{127.0.0.1:9300}, disconnecting...
org.elasticsearch.transport.RemoteTransportException: [_0Lpzfc][127.0.0.1:9300][cluster:monitor/nodes/liveness]
Caused by: org.elasticsearch.ElasticsearchSecurityException: unable to authenticate user [transport_client_user] for action [cluster:monitor/nodes/liveness]
	at org.elasticsearch.xpack.security.support.Exceptions.authenticationError(Exceptions.java:39) ~[x-pack-api-5.6.2.jar:5.6.2]
	at org.elasticsearch.xpack.security.authc.DefaultAuthenticationFailureHandler.failedAuthentication(DefaultAuthenticationFailureHandler.java:43) ~[x-pack-api-5.6.2.jar:5.6.2]
	at org.elasticsearch.xpack.security.authc.AuthenticationService$AuditableTransportRequest.authenticationFailed(AuthenticationService.java:547) ~[x-pack-api-5.6.2.jar:5.6.2]
	at org.elasticsearch.xpack.security.authc.AuthenticationService$Authenticator.consumeUser(AuthenticationService.java:385) ~[x-pack-api-5.6.2.jar:5.6.2]
	at org.elasticsearch.action.ActionListener$1.onResponse(ActionListener.java:59) ~[elasticsearch-5.6.2.jar:5.6.2]
	at org.elasticsearch.xpack.common.IteratingActionListener.onResponse(IteratingActionListener.java:108) ~[x-pack-api-5.6.2.jar:5.6.2]
	at org.elasticsearch.xpack.security.authc.AuthenticationService$Authenticator.lambda$null$11(AuthenticationService.java:309) ~[x-pack-api-5.6.2.jar:5.6.2]
	at org.elasticsearch.action.ActionListener$1.onResponse(ActionListener.java:59) ~[elasticsearch-5.6.2.jar:5.6.2]
	at org.elasticsearch.xpack.security.authc.support.CachingUsernamePasswordRealm.lambda$authenticateWithCache$0(CachingUsernamePasswordRealm.java:111) ~[x-pack-api-5.6.2.jar:5.6.2]
	at org.elasticsearch.action.ActionListener$1.onResponse(ActionListener.java:59) ~[elasticsearch-5.6.2.jar:5.6.2]
	at org.elasticsearch.xpack.security.authc.support.CachingUsernamePasswordRealm.lambda$doAuthenticateAndCache$4(CachingUsernamePasswordRealm.java:156) ~[x-pack-api-5.6.2.jar:5.6.2]
	at org.elasticsearch.action.ActionListener$1.onResponse(ActionListener.java:59) ~[elasticsearch-5.6.2.jar:5.6.2]
	at org.elasticsearch.xpack.security.authc.esnative.NativeUsersStore.lambda$verifyPassword$9(NativeUsersStore.java:580) ~[x-pack-api-5.6.2.jar:5.6.2]
	at org.elasticsearch.action.ActionListener$1.onResponse(ActionListener.java:59) ~[elasticsearch-5.6.2.jar:5.6.2]
	at org.elasticsearch.xpack.security.authc.esnative.NativeUsersStore$1.onFailure(NativeUsersStore.java:215) ~[x-pack-api-5.6.2.jar:5.6.2]
	at org.elasticsearch.action.support.ContextPreservingActionListener.onFailure(ContextPreservingActionListener.java:50) ~[elasticsearch-5.6.2.jar:5.6.2]
	at org.elasticsearch.action.support.TransportAction$1.onFailure(TransportAction.java:94) ~[elasticsearch-5.6.2.jar:5.6.2]
	at org.elasticsearch.action.ActionListener$1.onFailure(ActionListener.java:67) ~[elasticsearch-5.6.2.jar:5.6.2]
	at org.elasticsearch.action.support.ContextPreservingActionListener.onFailure(ContextPreservingActionListener.java:50) ~[elasticsearch-5.6.2.jar:5.6.2]
	at org.elasticsearch.action.support.TransportAction$RequestFilterChain.proceed(TransportAction.java:176) ~[elasticsearch-5.6.2.jar:5.6.2]
	at org.elasticsearch.xpack.security.action.filter.SecurityActionFilter.lambda$apply$1(SecurityActionFilter.java:133) ~[x-pack-api-5.6.2.jar:5.6.2]
	at org.elasticsearch.action.ActionListener$1.onResponse(ActionListener.java:59) ~[elasticsearch-5.6.2.jar:5.6.2]
	at org.elasticsearch.xpack.security.action.filter.SecurityActionFilter.lambda$authorizeRequest$4(SecurityActionFilter.java:208) ~[x-pack-api-5.6.2.jar:5.6.2]
	at org.elasticsearch.xpack.security.authz.AuthorizationUtils$AsyncAuthorizer.maybeRun(AuthorizationUtils.java:127) ~[x-pack-api-5.6.2.jar:5.6.2]
	at org.elasticsearch.xpack.security.authz.AuthorizationUtils$AsyncAuthorizer.setRunAsRoles(AuthorizationUtils.java:121) ~[x-pack-api-5.6.2.jar:5.6.2]
	at org.elasticsearch.xpack.security.authz.AuthorizationUtils$AsyncAuthorizer.authorize(AuthorizationUtils.java:109) ~[x-pack-api-5.6.2.jar:5.6.2]
	at org.elasticsearch.xpack.security.action.filter.SecurityActionFilter.authorizeRequest(SecurityActionFilter.java:210) ~[x-pack-api-5.6.2.jar:5.6.2]
	at org.elasticsearch.xpack.security.action.filter.SecurityActionFilter.lambda$applyInternal$3(SecurityActionFilter.java:186) ~[x-pack-api-5.6.2.jar:5.6.2]
	at org.elasticsearch.action.ActionListener$1.onResponse(ActionListener.java:59) ~[elasticsearch-5.6.2.jar:5.6.2]
	at org.elasticsearch.xpack.security.authc.AuthenticationService$Authenticator.lambda$authenticateAsync$2(AuthenticationService.java:212) ~[x-pack-api-5.6.2.jar:5.6.2]
	at org.elasticsearch.xpack.security.authc.AuthenticationService$Authenticator.lambda$lookForExistingAuthentication$4(AuthenticationService.java:246) ~[x-pack-api-5.6.2.jar:5.6.2]
	at org.elasticsearch.xpack.security.authc.AuthenticationService$Authenticator.lookForExistingAuthentication(AuthenticationService.java:257) ~[x-pack-api-5.6.2.jar:5.6.2]
	at org.elasticsearch.xpack.security.authc.AuthenticationService$Authenticator.authenticateAsync(AuthenticationService.java:210) ~[x-pack-api-5.6.2.jar:5.6.2]
	at org.elasticsearch.xpack.security.authc.AuthenticationService$Authenticator.access$000(AuthenticationService.java:159) ~[x-pack-api-5.6.2.jar:5.6.2]
	at org.elasticsearch.xpack.security.authc.AuthenticationService.authenticate(AuthenticationService.java:122) ~[x-pack-api-5.6.2.jar:5.6.2]
	at org.elasticsearch.xpack.security.action.filter.SecurityActionFilter.applyInternal(SecurityActionFilter.java:185) ~[x-pack-api-5.6.2.jar:5.6.2]
	at org.elasticsearch.xpack.security.action.filter.SecurityActionFilter.apply(SecurityActionFilter.java:145) ~[x-pack-api-5.6.2.jar:5.6.2]
	at org.elasticsearch.action.support.TransportAction$RequestFilterChain.proceed(TransportAction.java:168) ~[elasticsearch-5.6.2.jar:5.6.2]
	at org.elasticsearch.action.support.TransportAction.execute(TransportAction.java:142) ~[elasticsearch-5.6.2.jar:5.6.2]
	at org.elasticsearch.action.support.TransportAction.execute(TransportAction.java:84) ~[elasticsearch-5.6.2.jar:5.6.2]
	at org.elasticsearch.client.node.NodeClient.executeLocally(NodeClient.java:83) ~[elasticsearch-5.6.2.jar:5.6.2]
	at org.elasticsearch.client.node.NodeClient.doExecute(NodeClient.java:72) ~[elasticsearch-5.6.2.jar:5.6.2]
	at org.elasticsearch.client.support.AbstractClient.execute(AbstractClient.java:408) ~[elasticsearch-5.6.2.jar:5.6.2]
	at org.elasticsearch.client.FilterClient.doExecute(FilterClient.java:67) ~[elasticsearch-5.6.2.jar:5.6.2]
	at org.elasticsearch.xpack.security.InternalClient.doExecute(InternalClient.java:101) ~[x-pack-api-5.6.2.jar:5.6.2]
	at org.elasticsearch.client.support.AbstractClient.execute(AbstractClient.java:408) ~[elasticsearch-5.6.2.jar:5.6.2]
	at org.elasticsearch.client.support.AbstractClient.get(AbstractClient.java:500) ~[elasticsearch-5.6.2.jar:5.6.2]
	at org.elasticsearch.xpack.security.authc.esnative.NativeUsersStore.getUserAndPassword(NativeUsersStore.java:190) ~[x-pack-api-5.6.2.jar:5.6.2]
	at org.elasticsearch.xpack.security.authc.esnative.NativeUsersStore.verifyPassword(NativeUsersStore.java:578) ~[x-pack-api-5.6.2.jar:5.6.2]
	at org.elasticsearch.xpack.security.authc.esnative.NativeRealm.doAuthenticate(NativeRealm.java:58) ~[x-pack-api-5.6.2.jar:5.6.2]
	at org.elasticsearch.xpack.security.authc.support.CachingUsernamePasswordRealm.doAuthenticateAndCache(CachingUsernamePasswordRealm.java:154) ~[x-pack-api-5.6.2.jar:5.6.2]
	at org.elasticsearch.xpack.security.authc.support.CachingUsernamePasswordRealm.authenticateWithCache(CachingUsernamePasswordRealm.java:107) ~[x-pack-api-5.6.2.jar:5.6.2]
	at org.elasticsearch.xpack.security.authc.support.CachingUsernamePasswordRealm.authenticate(CachingUsernamePasswordRealm.java:92) ~[x-pack-api-5.6.2.jar:5.6.2]
	at org.elasticsearch.xpack.security.authc.AuthenticationService$Authenticator.lambda$consumeToken$13(AuthenticationService.java:301) ~[x-pack-api-5.6.2.jar:5.6.2]
	at org.elasticsearch.xpack.common.IteratingActionListener.onResponse(IteratingActionListener.java:111) ~[x-pack-api-5.6.2.jar:5.6.2]
	at org.elasticsearch.xpack.security.authc.AuthenticationService$Authenticator.lambda$null$11(AuthenticationService.java:309) ~[x-pack-api-5.6.2.jar:5.6.2]
	at org.elasticsearch.action.ActionListener$1.onResponse(ActionListener.java:59) ~[elasticsearch-5.6.2.jar:5.6.2]
	at org.elasticsearch.xpack.security.authc.support.CachingUsernamePasswordRealm.lambda$authenticateWithCache$0(CachingUsernamePasswordRealm.java:111) ~[x-pack-api-5.6.2.jar:5.6.2]
	at org.elasticsearch.action.ActionListener$1.onResponse(ActionListener.java:59) ~[elasticsearch-5.6.2.jar:5.6.2]
	at org.elasticsearch.xpack.security.authc.support.CachingUsernamePasswordRealm.lambda$doAuthenticateAndCache$4(CachingUsernamePasswordRealm.java:156) ~[x-pack-api-5.6.2.jar:5.6.2]
	at org.elasticsearch.action.ActionListener$1.onResponse(ActionListener.java:59) ~[elasticsearch-5.6.2.jar:5.6.2]
	at org.elasticsearch.xpack.security.authc.file.FileRealm.doAuthenticate(FileRealm.java:60) ~[x-pack-api-5.6.2.jar:5.6.2]
	at org.elasticsearch.xpack.security.authc.support.CachingUsernamePasswordRealm.doAuthenticateAndCache(CachingUsernamePasswordRealm.java:154) ~[x-pack-api-5.6.2.jar:5.6.2]
	at org.elasticsearch.xpack.security.authc.support.CachingUsernamePasswordRealm.authenticateWithCache(CachingUsernamePasswordRealm.java:107) ~[x-pack-api-5.6.2.jar:5.6.2]
	at org.elasticsearch.xpack.security.authc.support.CachingUsernamePasswordRealm.authenticate(CachingUsernamePasswordRealm.java:92) ~[x-pack-api-5.6.2.jar:5.6.2]
	at org.elasticsearch.xpack.security.authc.AuthenticationService$Authenticator.lambda$consumeToken$13(AuthenticationService.java:301) ~[x-pack-api-5.6.2.jar:5.6.2]
	at org.elasticsearch.xpack.common.IteratingActionListener.onResponse(IteratingActionListener.java:111) ~[x-pack-api-5.6.2.jar:5.6.2]
	at org.elasticsearch.xpack.security.authc.AuthenticationService$Authenticator.lambda$null$11(AuthenticationService.java:309) ~[x-pack-api-5.6.2.jar:5.6.2]
	at org.elasticsearch.action.ActionListener$1.onResponse(ActionListener.java:59) ~[elasticsearch-5.6.2.jar:5.6.2]
	at org.elasticsearch.xpack.security.authc.support.CachingUsernamePasswordRealm.lambda$authenticateWithCache$0(CachingUsernamePasswordRealm.java:111) ~[x-pack-api-5.6.2.jar:5.6.2]
	at org.elasticsearch.action.ActionListener$1.onResponse(ActionListener.java:59) ~[elasticsearch-5.6.2.jar:5.6.2]
	at org.elasticsearch.xpack.security.authc.support.CachingUsernamePasswordRealm.lambda$doAuthenticateAndCache$4(CachingUsernamePasswordRealm.java:156) ~[x-pack-api-5.6.2.jar:5.6.2]
	at org.elasticsearch.action.ActionListener$1.onResponse(ActionListener.java:59) ~[elasticsearch-5.6.2.jar:5.6.2]
	at org.elasticsearch.xpack.security.authc.esnative.ReservedRealm.doAuthenticate(ReservedRealm.java:90) ~[x-pack-api-5.6.2.jar:5.6.2]
	at org.elasticsearch.xpack.security.authc.support.CachingUsernamePasswordRealm.doAuthenticateAndCache(CachingUsernamePasswordRealm.java:154) ~[x-pack-api-5.6.2.jar:5.6.2]
	at org.elasticsearch.xpack.security.authc.support.CachingUsernamePasswordRealm.authenticateWithCache(CachingUsernamePasswordRealm.java:107) ~[x-pack-api-5.6.2.jar:5.6.2]
	at org.elasticsearch.xpack.security.authc.support.CachingUsernamePasswordRealm.authenticate(CachingUsernamePasswordRealm.java:92) ~[x-pack-api-5.6.2.jar:5.6.2]
	at org.elasticsearch.xpack.security.authc.AuthenticationService$Authenticator.lambda$consumeToken$13(AuthenticationService.java:301) ~[x-pack-api-5.6.2.jar:5.6.2]
	at org.elasticsearch.xpack.common.IteratingActionListener.run(IteratingActionListener.java:93) ~[x-pack-api-5.6.2.jar:5.6.2]
	at org.elasticsearch.xpack.security.authc.AuthenticationService$Authenticator.consumeToken(AuthenticationService.java:326) ~[x-pack-api-5.6.2.jar:5.6.2]
	at org.elasticsearch.xpack.security.authc.AuthenticationService$Authenticator.lambda$extractToken$9(AuthenticationService.java:275) ~[x-pack-api-5.6.2.jar:5.6.2]
	at org.elasticsearch.xpack.security.authc.AuthenticationService$Authenticator.extractToken(AuthenticationService.java:284) ~[x-pack-api-5.6.2.jar:5.6.2]
	at org.elasticsearch.xpack.security.authc.AuthenticationService$Authenticator.lambda$null$0(AuthenticationService.java:218) ~[x-pack-api-5.6.2.jar:5.6.2]
	at org.elasticsearch.action.ActionListener$1.onResponse(ActionListener.java:59) ~[elasticsearch-5.6.2.jar:5.6.2]
	at org.elasticsearch.xpack.security.authc.TokenService.getAndValidateToken(TokenService.java:218) ~[x-pack-api-5.6.2.jar:5.6.2]
	at org.elasticsearch.xpack.security.authc.AuthenticationService$Authenticator.lambda$authenticateAsync$2(AuthenticationService.java:214) ~[x-pack-api-5.6.2.jar:5.6.2]
	at org.elasticsearch.xpack.security.authc.AuthenticationService$Authenticator.lambda$lookForExistingAuthentication$4(AuthenticationService.java:246) ~[x-pack-api-5.6.2.jar:5.6.2]
	at org.elasticsearch.xpack.security.authc.AuthenticationService$Authenticator.lookForExistingAuthentication(AuthenticationService.java:257) ~[x-pack-api-5.6.2.jar:5.6.2]
	at org.elasticsearch.xpack.security.authc.AuthenticationService$Authenticator.authenticateAsync(AuthenticationService.java:210) ~[x-pack-api-5.6.2.jar:5.6.2]
	at org.elasticsearch.xpack.security.authc.AuthenticationService$Authenticator.access$000(AuthenticationService.java:159) ~[x-pack-api-5.6.2.jar:5.6.2]
	at org.elasticsearch.xpack.security.authc.AuthenticationService.authenticate(AuthenticationService.java:122) ~[x-pack-api-5.6.2.jar:5.6.2]
	at org.elasticsearch.xpack.security.transport.ServerTransportFilter$NodeProfile.inbound(ServerTransportFilter.java:146) ~[x-pack-api-5.6.2.jar:5.6.2]
	at org.elasticsearch.xpack.security.transport.SecurityServerTransportInterceptor$ProfileSecuredRequestHandler.messageReceived(SecurityServerTransportInterceptor.java:314) ~[x-pack-api-5.6.2.jar:5.6.2]
	at org.elasticsearch.transport.RequestHandlerRegistry.processMessageReceived(RequestHandlerRegistry.java:69) ~[elasticsearch-5.6.2.jar:5.6.2]
	at org.elasticsearch.transport.TcpTransport$RequestHandler.doRun(TcpTransport.java:1533) ~[elasticsearch-5.6.2.jar:5.6.2]
	at org.elasticsearch.common.util.concurrent.AbstractRunnable.run(AbstractRunnable.java:37) ~[elasticsearch-5.6.2.jar:5.6.2]
	at org.elasticsearch.common.util.concurrent.EsExecutors$1.execute(EsExecutors.java:110) ~[elasticsearch-5.6.2.jar:5.6.2]
	at org.elasticsearch.transport.TcpTransport.handleRequest(TcpTransport.java:1490) ~[elasticsearch-5.6.2.jar:5.6.2]
	at org.elasticsearch.transport.TcpTransport.messageReceived(TcpTransport.java:1374) ~[elasticsearch-5.6.2.jar:5.6.2]
	at org.elasticsearch.transport.netty4.Netty4MessageChannelHandler.channelRead(Netty4MessageChannelHandler.java:74) ~[transport-netty4-client-5.6.2.jar:5.6.2]
	at io.netty.channel.AbstractChannelHandlerContext.invokeChannelRead(AbstractChannelHandlerContext.java:362) ~[netty-transport-4.1.13.Final.jar:4.1.13.Final]
	at io.netty.channel.AbstractChannelHandlerContext.invokeChannelRead(AbstractChannelHandlerContext.java:348) ~[netty-transport-4.1.13.Final.jar:4.1.13.Final]
	at io.netty.channel.AbstractChannelHandlerContext.fireChannelRead(AbstractChannelHandlerContext.java:340) ~[netty-transport-4.1.13.Final.jar:4.1.13.Final]
	at io.netty.handler.codec.ByteToMessageDecoder.fireChannelRead(ByteToMessageDecoder.java:310) ~[netty-codec-4.1.13.Final.jar:4.1.13.Final]
	at io.netty.handler.codec.ByteToMessageDecoder.fireChannelRead(ByteToMessageDecoder.java:297) ~[netty-codec-4.1.13.Final.jar:4.1.13.Final]
	at io.netty.handler.codec.ByteToMessageDecoder.callDecode(ByteToMessageDecoder.java:413) ~[netty-codec-4.1.13.Final.jar:4.1.13.Final]
	at io.netty.handler.codec.ByteToMessageDecoder.channelRead(ByteToMessageDecoder.java:265) ~[netty-codec-4.1.13.Final.jar:4.1.13.Final]
	at io.netty.channel.AbstractChannelHandlerContext.invokeChannelRead(AbstractChannelHandlerContext.java:362) ~[netty-transport-4.1.13.Final.jar:4.1.13.Final]
	at io.netty.channel.AbstractChannelHandlerContext.invokeChannelRead(AbstractChannelHandlerContext.java:348) ~[netty-transport-4.1.13.Final.jar:4.1.13.Final]
	at io.netty.channel.AbstractChannelHandlerContext.fireChannelRead(AbstractChannelHandlerContext.java:340) ~[netty-transport-4.1.13.Final.jar:4.1.13.Final]
	at io.netty.channel.ChannelInboundHandlerAdapter.channelRead(ChannelInboundHandlerAdapter.java:86) ~[netty-transport-4.1.13.Final.jar:4.1.13.Final]
	at io.netty.channel.AbstractChannelHandlerContext.invokeChannelRead(AbstractChannelHandlerContext.java:362) ~[netty-transport-4.1.13.Final.jar:4.1.13.Final]
	at io.netty.channel.AbstractChannelHandlerContext.invokeChannelRead(AbstractChannelHandlerContext.java:348) ~[netty-transport-4.1.13.Final.jar:4.1.13.Final]
	at io.netty.channel.AbstractChannelHandlerContext.fireChannelRead(AbstractChannelHandlerContext.java:340) ~[netty-transport-4.1.13.Final.jar:4.1.13.Final]
	at io.netty.channel.DefaultChannelPipeline$HeadContext.channelRead(DefaultChannelPipeline.java:1334) ~[netty-transport-4.1.13.Final.jar:4.1.13.Final]
	at io.netty.channel.AbstractChannelHandlerContext.invokeChannelRead(AbstractChannelHandlerContext.java:362) ~[netty-transport-4.1.13.Final.jar:4.1.13.Final]
	at io.netty.channel.AbstractChannelHandlerContext.invokeChannelRead(AbstractChannelHandlerContext.java:348) ~[netty-transport-4.1.13.Final.jar:4.1.13.Final]
	at io.netty.channel.DefaultChannelPipeline.fireChannelRead(DefaultChannelPipeline.java:926) ~[netty-transport-4.1.13.Final.jar:4.1.13.Final]
	at io.netty.channel.nio.AbstractNioByteChannel$NioByteUnsafe.read(AbstractNioByteChannel.java:134) ~[netty-transport-4.1.13.Final.jar:4.1.13.Final]
	at io.netty.channel.nio.NioEventLoop.processSelectedKey(NioEventLoop.java:644) ~[netty-transport-4.1.13.Final.jar:4.1.13.Final]
	at io.netty.channel.nio.NioEventLoop.processSelectedKeysPlain(NioEventLoop.java:544) ~[netty-transport-4.1.13.Final.jar:4.1.13.Final]
	at io.netty.channel.nio.NioEventLoop.processSelectedKeys(NioEventLoop.java:498) ~[netty-transport-4.1.13.Final.jar:4.1.13.Final]
	at io.netty.channel.nio.NioEventLoop.run(NioEventLoop.java:458) ~[netty-transport-4.1.13.Final.jar:4.1.13.Final]
	at io.netty.util.concurrent.SingleThreadEventExecutor$5.run(SingleThreadEventExecutor.java:858) ~[netty-common-4.1.13.Final.jar:4.1.13.Final]
	at java.lang.Thread.run(Thread.java:844) ~[?:?]
2017-10-16 00:46:28,627 ERROR [main] com.sully90.elasticsearch.utils.ElasticSearchUtils (ElasticSearchUtils.java:36) - Error Checking Index Exist
org.elasticsearch.client.transport.NoNodeAvailableException: None of the configured nodes are available: [{#transport#-1}{2zDEvKBAQvmWiGSG7h6-Sg}{localhost}{127.0.0.1:9300}, {#transport#-2}{7xekaHCVSuCufr5J70vK3g}{localhost}{127.0.0.1:9301}]
	at org.elasticsearch.client.transport.TransportClientNodesService.ensureNodesAreAvailable(TransportClientNodesService.java:347) ~[elasticsearch-5.6.2.jar:5.6.2]
	at org.elasticsearch.client.transport.TransportClientNodesService.execute(TransportClientNodesService.java:245) ~[elasticsearch-5.6.2.jar:5.6.2]
	at org.elasticsearch.client.transport.TransportProxyClient.execute(TransportProxyClient.java:59) ~[elasticsearch-5.6.2.jar:5.6.2]
	at org.elasticsearch.client.transport.TransportClient.doExecute(TransportClient.java:363) ~[elasticsearch-5.6.2.jar:5.6.2]
	at org.elasticsearch.client.support.AbstractClient.execute(AbstractClient.java:408) ~[elasticsearch-5.6.2.jar:5.6.2]
	at org.elasticsearch.client.support.AbstractClient$IndicesAdmin.execute(AbstractClient.java:1256) ~[elasticsearch-5.6.2.jar:5.6.2]
	at org.elasticsearch.action.ActionRequestBuilder.execute(ActionRequestBuilder.java:80) ~[elasticsearch-5.6.2.jar:5.6.2]
	at org.elasticsearch.action.ActionRequestBuilder.execute(ActionRequestBuilder.java:54) ~[elasticsearch-5.6.2.jar:5.6.2]
	at de.bytefish.elasticutils.elasticsearch5.com.sully90.elasticsearch.utils.ElasticSearchUtils.indexExist(ElasticSearchUtils.java:33) [elasticutils-elasticsearch5-0.5.jar:0.5]
	at TestElasticSearch.createIndex(TestElasticSearch.java:60) [test-classes/:?]
	at TestElasticSearch.testElastic(TestElasticSearch.java:34) [test-classes/:?]
	at java.base/jdk.internal.reflect.NativeMethodAccessorImpl.invoke0(Native Method) ~[?:?]
	at java.base/jdk.internal.reflect.NativeMethodAccessorImpl.invoke(NativeMethodAccessorImpl.java:62) ~[?:?]
	at java.base/jdk.internal.reflect.DelegatingMethodAccessorImpl.invoke(DelegatingMethodAccessorImpl.java:43) ~[?:?]
	at java.base/java.lang.reflect.Method.invoke(Method.java:564) ~[?:?]
	at org.junit.runners.model.FrameworkMethod$1.runReflectiveCall(FrameworkMethod.java:50) [junit-4.12.jar:4.12]
	at org.junit.internal.runners.model.ReflectiveCallable.run(ReflectiveCallable.java:12) [junit-4.12.jar:4.12]
	at org.junit.runners.model.FrameworkMethod.invokeExplosively(FrameworkMethod.java:47) [junit-4.12.jar:4.12]
	at org.junit.internal.runners.statements.InvokeMethod.evaluate(InvokeMethod.java:17) [junit-4.12.jar:4.12]
	at org.junit.runners.ParentRunner.runLeaf(ParentRunner.java:325) [junit-4.12.jar:4.12]
	at org.junit.runners.BlockJUnit4ClassRunner.runChild(BlockJUnit4ClassRunner.java:78) [junit-4.12.jar:4.12]
	at org.junit.runners.BlockJUnit4ClassRunner.runChild(BlockJUnit4ClassRunner.java:57) [junit-4.12.jar:4.12]
	at org.junit.runners.ParentRunner$3.run(ParentRunner.java:290) [junit-4.12.jar:4.12]
	at org.junit.runners.ParentRunner$1.schedule(ParentRunner.java:71) [junit-4.12.jar:4.12]
	at org.junit.runners.ParentRunner.runChildren(ParentRunner.java:288) [junit-4.12.jar:4.12]
	at org.junit.runners.ParentRunner.access$000(ParentRunner.java:58) [junit-4.12.jar:4.12]
	at org.junit.runners.ParentRunner$2.evaluate(ParentRunner.java:268) [junit-4.12.jar:4.12]
	at org.junit.runners.ParentRunner.run(ParentRunner.java:363) [junit-4.12.jar:4.12]
	at org.junit.runner.JUnitCore.run(JUnitCore.java:137) [junit-4.12.jar:4.12]
	at com.intellij.junit4.JUnit4IdeaTestRunner.startRunnerWithArgs(JUnit4IdeaTestRunner.java:68) [junit-rt.jar:?]
	at com.intellij.rt.execution.junit.IdeaTestRunner$Repeater.startRunnerWithArgs(IdeaTestRunner.java:47) [junit-rt.jar:?]
	at com.intellij.rt.execution.junit.JUnitStarter.prepareStreamsAndStart(JUnitStarter.java:242) [junit-rt.jar:?]
	at com.intellij.rt.execution.junit.JUnitStarter.main(JUnitStarter.java:70) [junit-rt.jar:?]
2017-10-16 00:47:33,568 INFO  [main] plugins.PluginsService (PluginsService.java:175) - no modules loaded
2017-10-16 00:47:33,574 INFO  [main] plugins.PluginsService (PluginsService.java:178) - loaded plugin [org.elasticsearch.index.reindex.ReindexPlugin]
2017-10-16 00:47:33,575 INFO  [main] plugins.PluginsService (PluginsService.java:178) - loaded plugin [org.elasticsearch.join.ParentJoinPlugin]
2017-10-16 00:47:33,575 INFO  [main] plugins.PluginsService (PluginsService.java:178) - loaded plugin [org.elasticsearch.percolator.PercolatorPlugin]
2017-10-16 00:47:33,575 INFO  [main] plugins.PluginsService (PluginsService.java:178) - loaded plugin [org.elasticsearch.script.mustache.MustachePlugin]
2017-10-16 00:47:33,576 INFO  [main] plugins.PluginsService (PluginsService.java:178) - loaded plugin [org.elasticsearch.transport.Netty3Plugin]
2017-10-16 00:47:33,576 INFO  [main] plugins.PluginsService (PluginsService.java:178) - loaded plugin [org.elasticsearch.transport.Netty4Plugin]
2017-10-16 00:47:33,576 INFO  [main] plugins.PluginsService (PluginsService.java:178) - loaded plugin [org.elasticsearch.xpack.XPackPlugin]
2017-10-16 00:48:46,910 INFO  [main] plugins.PluginsService (PluginsService.java:175) - no modules loaded
2017-10-16 00:48:46,918 INFO  [main] plugins.PluginsService (PluginsService.java:178) - loaded plugin [org.elasticsearch.index.reindex.ReindexPlugin]
2017-10-16 00:48:46,918 INFO  [main] plugins.PluginsService (PluginsService.java:178) - loaded plugin [org.elasticsearch.join.ParentJoinPlugin]
2017-10-16 00:48:46,919 INFO  [main] plugins.PluginsService (PluginsService.java:178) - loaded plugin [org.elasticsearch.percolator.PercolatorPlugin]
2017-10-16 00:48:46,919 INFO  [main] plugins.PluginsService (PluginsService.java:178) - loaded plugin [org.elasticsearch.script.mustache.MustachePlugin]
2017-10-16 00:48:46,919 INFO  [main] plugins.PluginsService (PluginsService.java:178) - loaded plugin [org.elasticsearch.transport.Netty3Plugin]
2017-10-16 00:48:46,919 INFO  [main] plugins.PluginsService (PluginsService.java:178) - loaded plugin [org.elasticsearch.transport.Netty4Plugin]
2017-10-16 00:48:46,919 INFO  [main] plugins.PluginsService (PluginsService.java:178) - loaded plugin [org.elasticsearch.xpack.XPackPlugin]
2017-10-16 00:58:22,938 INFO  [main] plugins.PluginsService (PluginsService.java:220) - no modules loaded
2017-10-16 00:58:22,945 INFO  [main] plugins.PluginsService (PluginsService.java:223) - loaded plugin [org.elasticsearch.index.reindex.ReindexPlugin]
2017-10-16 00:58:22,946 INFO  [main] plugins.PluginsService (PluginsService.java:223) - loaded plugin [org.elasticsearch.percolator.PercolatorPlugin]
2017-10-16 00:58:22,946 INFO  [main] plugins.PluginsService (PluginsService.java:223) - loaded plugin [org.elasticsearch.script.mustache.MustachePlugin]
2017-10-16 00:58:22,946 INFO  [main] plugins.PluginsService (PluginsService.java:223) - loaded plugin [org.elasticsearch.transport.Netty3Plugin]
2017-10-16 00:58:22,946 INFO  [main] plugins.PluginsService (PluginsService.java:223) - loaded plugin [org.elasticsearch.transport.Netty4Plugin]
2017-10-16 00:58:22,947 INFO  [main] plugins.PluginsService (PluginsService.java:223) - loaded plugin [org.elasticsearch.xpack.XPackPlugin]
2017-10-16 01:00:30,431 INFO  [main] plugins.PluginsService (PluginsService.java:220) - no modules loaded
2017-10-16 01:00:30,438 INFO  [main] plugins.PluginsService (PluginsService.java:223) - loaded plugin [org.elasticsearch.index.reindex.ReindexPlugin]
2017-10-16 01:00:30,438 INFO  [main] plugins.PluginsService (PluginsService.java:223) - loaded plugin [org.elasticsearch.percolator.PercolatorPlugin]
2017-10-16 01:00:30,439 INFO  [main] plugins.PluginsService (PluginsService.java:223) - loaded plugin [org.elasticsearch.script.mustache.MustachePlugin]
2017-10-16 01:00:30,439 INFO  [main] plugins.PluginsService (PluginsService.java:223) - loaded plugin [org.elasticsearch.transport.Netty3Plugin]
2017-10-16 01:00:30,439 INFO  [main] plugins.PluginsService (PluginsService.java:223) - loaded plugin [org.elasticsearch.transport.Netty4Plugin]
2017-10-16 01:00:30,439 INFO  [main] plugins.PluginsService (PluginsService.java:223) - loaded plugin [org.elasticsearch.xpack.XPackPlugin]
2017-10-16 01:05:59,693 INFO  [main] plugins.PluginsService (PluginsService.java:220) - no modules loaded
2017-10-16 01:05:59,700 INFO  [main] plugins.PluginsService (PluginsService.java:223) - loaded plugin [org.elasticsearch.index.reindex.ReindexPlugin]
2017-10-16 01:05:59,700 INFO  [main] plugins.PluginsService (PluginsService.java:223) - loaded plugin [org.elasticsearch.percolator.PercolatorPlugin]
2017-10-16 01:05:59,701 INFO  [main] plugins.PluginsService (PluginsService.java:223) - loaded plugin [org.elasticsearch.script.mustache.MustachePlugin]
2017-10-16 01:05:59,701 INFO  [main] plugins.PluginsService (PluginsService.java:223) - loaded plugin [org.elasticsearch.transport.Netty3Plugin]
2017-10-16 01:05:59,701 INFO  [main] plugins.PluginsService (PluginsService.java:223) - loaded plugin [org.elasticsearch.transport.Netty4Plugin]
2017-10-16 01:05:59,701 INFO  [main] plugins.PluginsService (PluginsService.java:223) - loaded plugin [org.elasticsearch.xpack.XPackPlugin]
2017-10-16 01:07:34,740 INFO  [main] plugins.PluginsService (PluginsService.java:220) - no modules loaded
2017-10-16 01:07:34,747 INFO  [main] plugins.PluginsService (PluginsService.java:223) - loaded plugin [org.elasticsearch.index.reindex.ReindexPlugin]
2017-10-16 01:07:34,747 INFO  [main] plugins.PluginsService (PluginsService.java:223) - loaded plugin [org.elasticsearch.percolator.PercolatorPlugin]
2017-10-16 01:07:34,748 INFO  [main] plugins.PluginsService (PluginsService.java:223) - loaded plugin [org.elasticsearch.script.mustache.MustachePlugin]
2017-10-16 01:07:34,748 INFO  [main] plugins.PluginsService (PluginsService.java:223) - loaded plugin [org.elasticsearch.transport.Netty3Plugin]
2017-10-16 01:07:34,748 INFO  [main] plugins.PluginsService (PluginsService.java:223) - loaded plugin [org.elasticsearch.transport.Netty4Plugin]
2017-10-16 01:07:34,748 INFO  [main] plugins.PluginsService (PluginsService.java:223) - loaded plugin [org.elasticsearch.xpack.XPackPlugin]
2017-10-16 01:08:00,320 INFO  [main] plugins.PluginsService (PluginsService.java:220) - no modules loaded
2017-10-16 01:08:00,327 INFO  [main] plugins.PluginsService (PluginsService.java:223) - loaded plugin [org.elasticsearch.index.reindex.ReindexPlugin]
2017-10-16 01:08:00,327 INFO  [main] plugins.PluginsService (PluginsService.java:223) - loaded plugin [org.elasticsearch.percolator.PercolatorPlugin]
2017-10-16 01:08:00,328 INFO  [main] plugins.PluginsService (PluginsService.java:223) - loaded plugin [org.elasticsearch.script.mustache.MustachePlugin]
2017-10-16 01:08:00,328 INFO  [main] plugins.PluginsService (PluginsService.java:223) - loaded plugin [org.elasticsearch.transport.Netty3Plugin]
2017-10-16 01:08:00,328 INFO  [main] plugins.PluginsService (PluginsService.java:223) - loaded plugin [org.elasticsearch.transport.Netty4Plugin]
2017-10-16 01:08:00,328 INFO  [main] plugins.PluginsService (PluginsService.java:223) - loaded plugin [org.elasticsearch.xpack.XPackPlugin]
2017-10-16 01:12:25,584 INFO  [main] plugins.PluginsService (PluginsService.java:220) - no modules loaded
2017-10-16 01:12:25,592 INFO  [main] plugins.PluginsService (PluginsService.java:223) - loaded plugin [org.elasticsearch.index.reindex.ReindexPlugin]
2017-10-16 01:12:25,592 INFO  [main] plugins.PluginsService (PluginsService.java:223) - loaded plugin [org.elasticsearch.percolator.PercolatorPlugin]
2017-10-16 01:12:25,592 INFO  [main] plugins.PluginsService (PluginsService.java:223) - loaded plugin [org.elasticsearch.script.mustache.MustachePlugin]
2017-10-16 01:12:25,593 INFO  [main] plugins.PluginsService (PluginsService.java:223) - loaded plugin [org.elasticsearch.transport.Netty3Plugin]
2017-10-16 01:12:25,593 INFO  [main] plugins.PluginsService (PluginsService.java:223) - loaded plugin [org.elasticsearch.transport.Netty4Plugin]
2017-10-16 01:12:25,593 INFO  [main] plugins.PluginsService (PluginsService.java:223) - loaded plugin [org.elasticsearch.xpack.XPackPlugin]
2017-10-16 01:15:00,680 INFO  [main] plugins.PluginsService (PluginsService.java:220) - no modules loaded
2017-10-16 01:15:00,687 INFO  [main] plugins.PluginsService (PluginsService.java:223) - loaded plugin [org.elasticsearch.index.reindex.ReindexPlugin]
2017-10-16 01:15:00,687 INFO  [main] plugins.PluginsService (PluginsService.java:223) - loaded plugin [org.elasticsearch.percolator.PercolatorPlugin]
2017-10-16 01:15:00,687 INFO  [main] plugins.PluginsService (PluginsService.java:223) - loaded plugin [org.elasticsearch.script.mustache.MustachePlugin]
2017-10-16 01:15:00,688 INFO  [main] plugins.PluginsService (PluginsService.java:223) - loaded plugin [org.elasticsearch.transport.Netty3Plugin]
2017-10-16 01:15:00,688 INFO  [main] plugins.PluginsService (PluginsService.java:223) - loaded plugin [org.elasticsearch.transport.Netty4Plugin]
2017-10-16 01:15:00,688 INFO  [main] plugins.PluginsService (PluginsService.java:223) - loaded plugin [org.elasticsearch.xpack.XPackPlugin]
2017-10-16 01:17:05,048 INFO  [main] plugins.PluginsService (PluginsService.java:220) - no modules loaded
2017-10-16 01:17:05,055 INFO  [main] plugins.PluginsService (PluginsService.java:223) - loaded plugin [org.elasticsearch.index.reindex.ReindexPlugin]
2017-10-16 01:17:05,056 INFO  [main] plugins.PluginsService (PluginsService.java:223) - loaded plugin [org.elasticsearch.percolator.PercolatorPlugin]
2017-10-16 01:17:05,056 INFO  [main] plugins.PluginsService (PluginsService.java:223) - loaded plugin [org.elasticsearch.script.mustache.MustachePlugin]
2017-10-16 01:17:05,056 INFO  [main] plugins.PluginsService (PluginsService.java:223) - loaded plugin [org.elasticsearch.transport.Netty3Plugin]
2017-10-16 01:17:05,056 INFO  [main] plugins.PluginsService (PluginsService.java:223) - loaded plugin [org.elasticsearch.transport.Netty4Plugin]
2017-10-16 01:17:05,057 INFO  [main] plugins.PluginsService (PluginsService.java:223) - loaded plugin [org.elasticsearch.xpack.XPackPlugin]
2017-10-16 01:17:43,357 INFO  [main] plugins.PluginsService (PluginsService.java:220) - no modules loaded
2017-10-16 01:17:43,364 INFO  [main] plugins.PluginsService (PluginsService.java:223) - loaded plugin [org.elasticsearch.index.reindex.ReindexPlugin]
2017-10-16 01:17:43,364 INFO  [main] plugins.PluginsService (PluginsService.java:223) - loaded plugin [org.elasticsearch.percolator.PercolatorPlugin]
2017-10-16 01:17:43,364 INFO  [main] plugins.PluginsService (PluginsService.java:223) - loaded plugin [org.elasticsearch.script.mustache.MustachePlugin]
2017-10-16 01:17:43,365 INFO  [main] plugins.PluginsService (PluginsService.java:223) - loaded plugin [org.elasticsearch.transport.Netty3Plugin]
2017-10-16 01:17:43,365 INFO  [main] plugins.PluginsService (PluginsService.java:223) - loaded plugin [org.elasticsearch.transport.Netty4Plugin]
2017-10-16 01:17:43,365 INFO  [main] plugins.PluginsService (PluginsService.java:223) - loaded plugin [org.elasticsearch.xpack.XPackPlugin]
2017-10-16 01:18:19,942 INFO  [main] plugins.PluginsService (PluginsService.java:220) - no modules loaded
2017-10-16 01:18:19,949 INFO  [main] plugins.PluginsService (PluginsService.java:223) - loaded plugin [org.elasticsearch.index.reindex.ReindexPlugin]
2017-10-16 01:18:19,949 INFO  [main] plugins.PluginsService (PluginsService.java:223) - loaded plugin [org.elasticsearch.percolator.PercolatorPlugin]
2017-10-16 01:18:19,950 INFO  [main] plugins.PluginsService (PluginsService.java:223) - loaded plugin [org.elasticsearch.script.mustache.MustachePlugin]
2017-10-16 01:18:19,950 INFO  [main] plugins.PluginsService (PluginsService.java:223) - loaded plugin [org.elasticsearch.transport.Netty3Plugin]
2017-10-16 01:18:19,950 INFO  [main] plugins.PluginsService (PluginsService.java:223) - loaded plugin [org.elasticsearch.transport.Netty4Plugin]
2017-10-16 01:18:19,950 INFO  [main] plugins.PluginsService (PluginsService.java:223) - loaded plugin [org.elasticsearch.xpack.XPackPlugin]
2017-10-16 01:20:10,539 INFO  [main] plugins.PluginsService (PluginsService.java:220) - no modules loaded
2017-10-16 01:20:10,547 INFO  [main] plugins.PluginsService (PluginsService.java:223) - loaded plugin [org.elasticsearch.index.reindex.ReindexPlugin]
2017-10-16 01:20:10,547 INFO  [main] plugins.PluginsService (PluginsService.java:223) - loaded plugin [org.elasticsearch.percolator.PercolatorPlugin]
2017-10-16 01:20:10,548 INFO  [main] plugins.PluginsService (PluginsService.java:223) - loaded plugin [org.elasticsearch.script.mustache.MustachePlugin]
2017-10-16 01:20:10,548 INFO  [main] plugins.PluginsService (PluginsService.java:223) - loaded plugin [org.elasticsearch.transport.Netty3Plugin]
2017-10-16 01:20:10,548 INFO  [main] plugins.PluginsService (PluginsService.java:223) - loaded plugin [org.elasticsearch.transport.Netty4Plugin]
2017-10-16 01:20:10,548 INFO  [main] plugins.PluginsService (PluginsService.java:223) - loaded plugin [org.elasticsearch.xpack.XPackPlugin]
2017-10-16 01:20:27,582 INFO  [main] plugins.PluginsService (PluginsService.java:220) - no modules loaded
2017-10-16 01:20:27,588 INFO  [main] plugins.PluginsService (PluginsService.java:223) - loaded plugin [org.elasticsearch.index.reindex.ReindexPlugin]
2017-10-16 01:20:27,589 INFO  [main] plugins.PluginsService (PluginsService.java:223) - loaded plugin [org.elasticsearch.percolator.PercolatorPlugin]
2017-10-16 01:20:27,589 INFO  [main] plugins.PluginsService (PluginsService.java:223) - loaded plugin [org.elasticsearch.script.mustache.MustachePlugin]
2017-10-16 01:20:27,589 INFO  [main] plugins.PluginsService (PluginsService.java:223) - loaded plugin [org.elasticsearch.transport.Netty3Plugin]
2017-10-16 01:20:27,589 INFO  [main] plugins.PluginsService (PluginsService.java:223) - loaded plugin [org.elasticsearch.transport.Netty4Plugin]
2017-10-16 01:20:27,590 INFO  [main] plugins.PluginsService (PluginsService.java:223) - loaded plugin [org.elasticsearch.xpack.XPackPlugin]
2017-10-16 01:21:07,587 INFO  [main] plugins.PluginsService (PluginsService.java:220) - no modules loaded
2017-10-16 01:21:07,594 INFO  [main] plugins.PluginsService (PluginsService.java:223) - loaded plugin [org.elasticsearch.index.reindex.ReindexPlugin]
2017-10-16 01:21:07,594 INFO  [main] plugins.PluginsService (PluginsService.java:223) - loaded plugin [org.elasticsearch.percolator.PercolatorPlugin]
2017-10-16 01:21:07,595 INFO  [main] plugins.PluginsService (PluginsService.java:223) - loaded plugin [org.elasticsearch.script.mustache.MustachePlugin]
2017-10-16 01:21:07,595 INFO  [main] plugins.PluginsService (PluginsService.java:223) - loaded plugin [org.elasticsearch.transport.Netty3Plugin]
2017-10-16 01:21:07,595 INFO  [main] plugins.PluginsService (PluginsService.java:223) - loaded plugin [org.elasticsearch.transport.Netty4Plugin]
2017-10-16 01:21:07,595 INFO  [main] plugins.PluginsService (PluginsService.java:223) - loaded plugin [org.elasticsearch.xpack.XPackPlugin]
2017-10-16 01:21:22,778 INFO  [main] plugins.PluginsService (PluginsService.java:220) - no modules loaded
2017-10-16 01:21:22,785 INFO  [main] plugins.PluginsService (PluginsService.java:223) - loaded plugin [org.elasticsearch.index.reindex.ReindexPlugin]
2017-10-16 01:21:22,785 INFO  [main] plugins.PluginsService (PluginsService.java:223) - loaded plugin [org.elasticsearch.percolator.PercolatorPlugin]
2017-10-16 01:21:22,786 INFO  [main] plugins.PluginsService (PluginsService.java:223) - loaded plugin [org.elasticsearch.script.mustache.MustachePlugin]
2017-10-16 01:21:22,786 INFO  [main] plugins.PluginsService (PluginsService.java:223) - loaded plugin [org.elasticsearch.transport.Netty3Plugin]
2017-10-16 01:21:22,786 INFO  [main] plugins.PluginsService (PluginsService.java:223) - loaded plugin [org.elasticsearch.transport.Netty4Plugin]
2017-10-16 01:21:22,786 INFO  [main] plugins.PluginsService (PluginsService.java:223) - loaded plugin [org.elasticsearch.xpack.XPackPlugin]
2017-10-16 01:30:54,159 INFO  [main] plugins.PluginsService (PluginsService.java:220) - no modules loaded
2017-10-16 01:30:54,168 INFO  [main] plugins.PluginsService (PluginsService.java:223) - loaded plugin [org.elasticsearch.index.reindex.ReindexPlugin]
2017-10-16 01:30:54,169 INFO  [main] plugins.PluginsService (PluginsService.java:223) - loaded plugin [org.elasticsearch.percolator.PercolatorPlugin]
2017-10-16 01:30:54,170 INFO  [main] plugins.PluginsService (PluginsService.java:223) - loaded plugin [org.elasticsearch.script.mustache.MustachePlugin]
2017-10-16 01:30:54,170 INFO  [main] plugins.PluginsService (PluginsService.java:223) - loaded plugin [org.elasticsearch.transport.Netty3Plugin]
2017-10-16 01:30:54,170 INFO  [main] plugins.PluginsService (PluginsService.java:223) - loaded plugin [org.elasticsearch.transport.Netty4Plugin]
2017-10-16 01:30:54,170 INFO  [main] plugins.PluginsService (PluginsService.java:223) - loaded plugin [org.elasticsearch.xpack.XPackPlugin]
2017-10-16 10:52:58,212 INFO  [main] plugins.PluginsService (PluginsService.java:220) - no modules loaded
2017-10-16 10:52:58,218 INFO  [main] plugins.PluginsService (PluginsService.java:223) - loaded plugin [org.elasticsearch.index.reindex.ReindexPlugin]
2017-10-16 10:52:58,219 INFO  [main] plugins.PluginsService (PluginsService.java:223) - loaded plugin [org.elasticsearch.percolator.PercolatorPlugin]
2017-10-16 10:52:58,219 INFO  [main] plugins.PluginsService (PluginsService.java:223) - loaded plugin [org.elasticsearch.script.mustache.MustachePlugin]
2017-10-16 10:52:58,219 INFO  [main] plugins.PluginsService (PluginsService.java:223) - loaded plugin [org.elasticsearch.transport.Netty3Plugin]
2017-10-16 10:52:58,219 INFO  [main] plugins.PluginsService (PluginsService.java:223) - loaded plugin [org.elasticsearch.transport.Netty4Plugin]
2017-10-16 10:52:58,220 INFO  [main] plugins.PluginsService (PluginsService.java:223) - loaded plugin [org.elasticsearch.xpack.XPackPlugin]
2017-10-16 11:03:48,753 INFO  [main] plugins.PluginsService (PluginsService.java:220) - no modules loaded
2017-10-16 11:03:48,760 INFO  [main] plugins.PluginsService (PluginsService.java:223) - loaded plugin [org.elasticsearch.index.reindex.ReindexPlugin]
2017-10-16 11:03:48,761 INFO  [main] plugins.PluginsService (PluginsService.java:223) - loaded plugin [org.elasticsearch.percolator.PercolatorPlugin]
2017-10-16 11:03:48,761 INFO  [main] plugins.PluginsService (PluginsService.java:223) - loaded plugin [org.elasticsearch.script.mustache.MustachePlugin]
2017-10-16 11:03:48,762 INFO  [main] plugins.PluginsService (PluginsService.java:223) - loaded plugin [org.elasticsearch.transport.Netty3Plugin]
2017-10-16 11:03:48,762 INFO  [main] plugins.PluginsService (PluginsService.java:223) - loaded plugin [org.elasticsearch.transport.Netty4Plugin]
2017-10-16 11:03:48,762 INFO  [main] plugins.PluginsService (PluginsService.java:223) - loaded plugin [org.elasticsearch.xpack.XPackPlugin]
